[     755ms] [ERROR] In HTML, %s cannot be a descendant of <%s>.
This will cause a hydration error.%s <button> button 

  ...
    <div className="h-screen o...">
      <TopNavbar navItems={[...]} user={{name:"Nguy...", ...}} notificationCount={3} messageCount={5} ...>
        <header className="fixed top-...">
          <div className="w-full px-...">
            <div>
            <nav>
            <div className="flex items...">
              <Button>
              <div className="hidden lg:...">
                <NotificationPopup>
                  <DropdownMenu open={false} onOpenChange={function bound dispatchSetState}>
                    <MenuRoot data-slot="dropdown-menu" open={false} onOpenChange={function bound dispatchSetState}>
                      <FloatingTree externalTree={{nodesRef:{...}, ...}}>
                        <DropdownMenuTrigger className="outline-none" aria-label="Thông báo">
                          <MenuTrigger data-slot="dropdown-m..." className="outline-none" aria-label="Thông báo">
>                           <button
>                             type="button"
>                             onClick={function onClick}
>                             onMouseDown={function onMouseDown}
>                             onKeyDown={function}
>                             onKeyUp={function onKeyUp}
>                             onPointerDown={function onPointerDown}
>                             tabIndex={0}
>                             disabled={false}
>                             aria-haspopup="menu"
>                             id="base-ui-_R_ded5rlb_"
>                             data-slot="dropdown-menu-trigger"
>                             aria-label="Thông báo"
>                             ref={function}
>                             className="outline-none"
>                           >
                              <Button variant="ghost" size="icon" className="relative s...">
                                <Button data-slot="button" className={"group/bu..."}>
>                                 <button
>                                   type="button"
>                                   onClick={function onClick}
>                                   onMouseDown={function onMouseDown}
>                                   onKeyDown={function}
>                                   onKeyUp={function onKeyUp}
>                                   onPointerDown={function onPointerDown}
>                                   tabIndex={0}
>                                   disabled={false}
>                                   data-slot="button"
>                                   ref={function}
>                                   className={"group/button inline-flex shrink-0 items-center justify-center border ..."}
>                                 >
                        ...
              ...
      ...
 @ http://localhost:3000/_next/static/chunks/node_modules_next_dist_f3530cac._.js:3127
[     756ms] [ERROR] <%s> cannot contain a nested %s.
See this log for the ancestor stack trace. button <button> @ http://localhost:3000/_next/static/chunks/node_modules_next_dist_f3530cac._.js:3127
[     876ms] Error: Hydration failed because the server rendered HTML didn't match the client. As a result this tree will be regenerated on the client. This can happen if a SSR-ed Client Component used:

- A server/client branch `if (typeof window !== 'undefined')`.
- Variable input such as `Date.now()` or `Math.random()` which changes each time it's called.
- Date formatting in a user's locale which doesn't match the server.
- External changing data without sending a snapshot of it along with the HTML.
- Invalid HTML tag nesting.

It can also happen if the client has a browser extension installed which messes with the HTML before React loaded.

https://react.dev/link/hydration-mismatch
    at throwOnHydrationMismatch (http://localhost:3000/_next/static/chunks/node_modules_next_dist_compiled_react-dom_1e674e59._.js:3348:56)
    at beginWork (http://localhost:3000/_next/static/chunks/node_modules_next_dist_compiled_react-dom_1e674e59._.js:6775:918)
    at runWithFiberInDEV (http://localhost:3000/_next/static/chunks/node_modules_next_dist_compiled_react-dom_1e674e59._.js:965:74)
    at performUnitOfWork (http://localhost:3000/_next/static/chunks/node_modules_next_dist_compiled_react-dom_1e674e59._.js:9562:97)
    at workLoopConcurrentByScheduler (http://localhost:3000/_next/static/chunks/node_modules_next_dist_compiled_react-dom_1e674e59._.js:9558:58)
    at renderRootConcurrent (http://localhost:3000/_next/static/chunks/node_modules_next_dist_compiled_react-dom_1e674e59._.js:9541:71)
    at performWorkOnRoot (http://localhost:3000/_next/static/chunks/node_modules_next_dist_compiled_react-dom_1e674e59._.js:9068:150)
    at performWorkOnRootViaSchedulerTask (http://localhost:3000/_next/static/chunks/node_modules_next_dist_compiled_react-dom_1e674e59._.js:10230:9)
    at MessagePort.performWorkUntilDeadline (http://localhost:3000/_next/static/chunks/node_modules_next_dist_compiled_a0e4c7b4._.js:2647:64)
[     894ms] [WARNING] Image with src "http://localhost:3000/logo.svg" has either width or height modified, but not the other. If you use CSS to change the size of your image, also include the styles 'width: "auto"' or 'height: "auto"' to maintain the aspect ratio. @ http://localhost:3000/_next/static/chunks/node_modules_next_dist_f3530cac._.js:2297
